Traceback (most recent call last):
  File "/home/route/el15066/rattle/rattle-cli.py", line 202, in <module>
    main()
  File "/home/route/el15066/rattle/rattle-cli.py", line 49, in main
    ssa = rattle.Recover(args.input.read(), edges=edges, optimize=args.optimize,
  File "/home/route/el15066/rattle/rattle/recover.py", line 751, in __init__
    self.internal = InternalRecover(filedata, edges, optimize, split_functions)
  File "/home/route/el15066/rattle/rattle/recover.py", line 30, in __init__
    self.recover(dispatch)
  File "/home/route/el15066/rattle/rattle/recover.py", line 105, in recover
    self.recover_loop(function)
  File "/home/route/el15066/rattle/rattle/recover.py", line 157, in recover_loop
    self.resolve_phis(function)
  File "/home/route/el15066/rattle/rattle/recover.py", line 256, in resolve_phis
    insn.resolve_arguments()
  File "/home/route/el15066/rattle/rattle/ssa.py", line 330, in resolve_arguments
    a, update = arg.resolve()
  File "/home/route/el15066/rattle/rattle/ssa.py", line 199, in resolve
    new_slot, _ = new_slot.resolve()  # Resolve it as far as you can
  File "/home/route/el15066/rattle/rattle/ssa.py", line 199, in resolve
    new_slot, _ = new_slot.resolve()  # Resolve it as far as you can
  File "/home/route/el15066/rattle/rattle/ssa.py", line 172, in resolve
    rv = new_slot.resolve()
  File "/home/route/el15066/rattle/rattle/ssa.py", line 199, in resolve
    new_slot, _ = new_slot.resolve()  # Resolve it as far as you can
  File "/home/route/el15066/rattle/rattle/ssa.py", line 199, in resolve
    new_slot, _ = new_slot.resolve()  # Resolve it as far as you can
  File "/home/route/el15066/rattle/rattle/ssa.py", line 172, in resolve
    rv = new_slot.resolve()
  File "/home/route/el15066/rattle/rattle/ssa.py", line 172, in resolve
    rv = new_slot.resolve()
  File "/home/route/el15066/rattle/rattle/ssa.py", line 172, in resolve
    rv = new_slot.resolve()
  File "/home/route/el15066/rattle/rattle/ssa.py", line 199, in resolve
    new_slot, _ = new_slot.resolve()  # Resolve it as far as you can
  File "/home/route/el15066/rattle/rattle/ssa.py", line 172, in resolve
    rv = new_slot.resolve()
  File "/home/route/el15066/rattle/rattle/ssa.py", line 199, in resolve
    new_slot, _ = new_slot.resolve()  # Resolve it as far as you can
  File "/home/route/el15066/rattle/rattle/ssa.py", line 199, in resolve
    new_slot, _ = new_slot.resolve()  # Resolve it as far as you can
  File "/home/route/el15066/rattle/rattle/ssa.py", line 172, in resolve
    rv = new_slot.resolve()
  File "/home/route/el15066/rattle/rattle/ssa.py", line 172, in resolve
    rv = new_slot.resolve()
  File "/home/route/el15066/rattle/rattle/ssa.py", line 172, in resolve
    rv = new_slot.resolve()
  [Previous line repeated 8 more times]
  File "/home/route/el15066/rattle/rattle/ssa.py", line 199, in resolve
    new_slot, _ = new_slot.resolve()  # Resolve it as far as you can
  File "/home/route/el15066/rattle/rattle/ssa.py", line 199, in resolve
    new_slot, _ = new_slot.resolve()  # Resolve it as far as you can
  File "/home/route/el15066/rattle/rattle/ssa.py", line 172, in resolve
    rv = new_slot.resolve()
  File "/home/route/el15066/rattle/rattle/ssa.py", line 172, in resolve
    rv = new_slot.resolve()
  File "/home/route/el15066/rattle/rattle/ssa.py", line 172, in resolve
    rv = new_slot.resolve()
  [Previous line repeated 31 more times]
  File "/home/route/el15066/rattle/rattle/ssa.py", line 199, in resolve
    new_slot, _ = new_slot.resolve()  # Resolve it as far as you can
  File "/home/route/el15066/rattle/rattle/ssa.py", line 199, in resolve
    new_slot, _ = new_slot.resolve()  # Resolve it as far as you can
  File "/home/route/el15066/rattle/rattle/ssa.py", line 172, in resolve
    rv = new_slot.resolve()
  File "/home/route/el15066/rattle/rattle/ssa.py", line 172, in resolve
    rv = new_slot.resolve()
  File "/home/route/el15066/rattle/rattle/ssa.py", line 172, in resolve
    rv = new_slot.resolve()
  [Previous line repeated 31 more times]
  File "/home/route/el15066/rattle/rattle/ssa.py", line 199, in resolve
    new_slot, _ = new_slot.resolve()  # Resolve it as far as you can
  File "/home/route/el15066/rattle/rattle/ssa.py", line 199, in resolve
    new_slot, _ = new_slot.resolve()  # Resolve it as far as you can
  File "/home/route/el15066/rattle/rattle/ssa.py", line 199, in resolve
    new_slot, _ = new_slot.resolve()  # Resolve it as far as you can
  File "/home/route/el15066/rattle/rattle/ssa.py", line 172, in resolve
    rv = new_slot.resolve()
  File "/home/route/el15066/rattle/rattle/ssa.py", line 199, in resolve
    new_slot, _ = new_slot.resolve()  # Resolve it as far as you can
  File "/home/route/el15066/rattle/rattle/ssa.py", line 172, in resolve
    rv = new_slot.resolve()
  File "/home/route/el15066/rattle/rattle/ssa.py", line 172, in resolve
    rv = new_slot.resolve()
  File "/home/route/el15066/rattle/rattle/ssa.py", line 199, in resolve
    new_slot, _ = new_slot.resolve()  # Resolve it as far as you can
  File "/home/route/el15066/rattle/rattle/ssa.py", line 172, in resolve
    rv = new_slot.resolve()
  File "/home/route/el15066/rattle/rattle/ssa.py", line 172, in resolve
    rv = new_slot.resolve()
  File "/home/route/el15066/rattle/rattle/ssa.py", line 172, in resolve
    rv = new_slot.resolve()
  [Previous line repeated 1 more time]
  File "/home/route/el15066/rattle/rattle/ssa.py", line 199, in resolve
    new_slot, _ = new_slot.resolve()  # Resolve it as far as you can
  File "/home/route/el15066/rattle/rattle/ssa.py", line 199, in resolve
    new_slot, _ = new_slot.resolve()  # Resolve it as far as you can
  File "/home/route/el15066/rattle/rattle/ssa.py", line 172, in resolve
    rv = new_slot.resolve()
  File "/home/route/el15066/rattle/rattle/ssa.py", line 172, in resolve
    rv = new_slot.resolve()
  File "/home/route/el15066/rattle/rattle/ssa.py", line 172, in resolve
    rv = new_slot.resolve()
  [Previous line repeated 42 more times]
  File "/home/route/el15066/rattle/rattle/ssa.py", line 199, in resolve
    new_slot, _ = new_slot.resolve()  # Resolve it as far as you can
  File "/home/route/el15066/rattle/rattle/ssa.py", line 199, in resolve
    new_slot, _ = new_slot.resolve()  # Resolve it as far as you can
  File "/home/route/el15066/rattle/rattle/ssa.py", line 172, in resolve
    rv = new_slot.resolve()
  File "/home/route/el15066/rattle/rattle/ssa.py", line 172, in resolve
    rv = new_slot.resolve()
  File "/home/route/el15066/rattle/rattle/ssa.py", line 172, in resolve
    rv = new_slot.resolve()
  [Previous line repeated 31 more times]
  File "/home/route/el15066/rattle/rattle/ssa.py", line 199, in resolve
    new_slot, _ = new_slot.resolve()  # Resolve it as far as you can
  File "/home/route/el15066/rattle/rattle/ssa.py", line 199, in resolve
    new_slot, _ = new_slot.resolve()  # Resolve it as far as you can
  File "/home/route/el15066/rattle/rattle/ssa.py", line 172, in resolve
    rv = new_slot.resolve()
  File "/home/route/el15066/rattle/rattle/ssa.py", line 172, in resolve
    rv = new_slot.resolve()
  File "/home/route/el15066/rattle/rattle/ssa.py", line 172, in resolve
    rv = new_slot.resolve()
  [Previous line repeated 31 more times]
  File "/home/route/el15066/rattle/rattle/ssa.py", line 199, in resolve
    new_slot, _ = new_slot.resolve()  # Resolve it as far as you can
  File "/home/route/el15066/rattle/rattle/ssa.py", line 199, in resolve
    new_slot, _ = new_slot.resolve()  # Resolve it as far as you can
  File "/home/route/el15066/rattle/rattle/ssa.py", line 172, in resolve
    rv = new_slot.resolve()
  File "/home/route/el15066/rattle/rattle/ssa.py", line 172, in resolve
    rv = new_slot.resolve()
  File "/home/route/el15066/rattle/rattle/ssa.py", line 172, in resolve
    rv = new_slot.resolve()
  [Previous line repeated 31 more times]
  File "/home/route/el15066/rattle/rattle/ssa.py", line 199, in resolve
    new_slot, _ = new_slot.resolve()  # Resolve it as far as you can
  File "/home/route/el15066/rattle/rattle/ssa.py", line 199, in resolve
    new_slot, _ = new_slot.resolve()  # Resolve it as far as you can
  File "/home/route/el15066/rattle/rattle/ssa.py", line 199, in resolve
    new_slot, _ = new_slot.resolve()  # Resolve it as far as you can
  File "/home/route/el15066/rattle/rattle/ssa.py", line 172, in resolve
    rv = new_slot.resolve()
  File "/home/route/el15066/rattle/rattle/ssa.py", line 199, in resolve
    new_slot, _ = new_slot.resolve()  # Resolve it as far as you can
  File "/home/route/el15066/rattle/rattle/ssa.py", line 172, in resolve
    rv = new_slot.resolve()
  File "/home/route/el15066/rattle/rattle/ssa.py", line 172, in resolve
    rv = new_slot.resolve()
  File "/home/route/el15066/rattle/rattle/ssa.py", line 199, in resolve
    new_slot, _ = new_slot.resolve()  # Resolve it as far as you can
  File "/home/route/el15066/rattle/rattle/ssa.py", line 172, in resolve
    rv = new_slot.resolve()
  File "/home/route/el15066/rattle/rattle/ssa.py", line 172, in resolve
    rv = new_slot.resolve()
  File "/home/route/el15066/rattle/rattle/ssa.py", line 172, in resolve
    rv = new_slot.resolve()
  [Previous line repeated 1 more time]
  File "/home/route/el15066/rattle/rattle/ssa.py", line 199, in resolve
    new_slot, _ = new_slot.resolve()  # Resolve it as far as you can
  File "/home/route/el15066/rattle/rattle/ssa.py", line 199, in resolve
    new_slot, _ = new_slot.resolve()  # Resolve it as far as you can
  File "/home/route/el15066/rattle/rattle/ssa.py", line 172, in resolve
    rv = new_slot.resolve()
  File "/home/route/el15066/rattle/rattle/ssa.py", line 172, in resolve
    rv = new_slot.resolve()
  File "/home/route/el15066/rattle/rattle/ssa.py", line 172, in resolve
    rv = new_slot.resolve()
  [Previous line repeated 42 more times]
  File "/home/route/el15066/rattle/rattle/ssa.py", line 199, in resolve
    new_slot, _ = new_slot.resolve()  # Resolve it as far as you can
  File "/home/route/el15066/rattle/rattle/ssa.py", line 199, in resolve
    new_slot, _ = new_slot.resolve()  # Resolve it as far as you can
  File "/home/route/el15066/rattle/rattle/ssa.py", line 172, in resolve
    rv = new_slot.resolve()
  File "/home/route/el15066/rattle/rattle/ssa.py", line 172, in resolve
    rv = new_slot.resolve()
  File "/home/route/el15066/rattle/rattle/ssa.py", line 172, in resolve
    rv = new_slot.resolve()
  [Previous line repeated 31 more times]
  File "/home/route/el15066/rattle/rattle/ssa.py", line 199, in resolve
    new_slot, _ = new_slot.resolve()  # Resolve it as far as you can
  File "/home/route/el15066/rattle/rattle/ssa.py", line 199, in resolve
    new_slot, _ = new_slot.resolve()  # Resolve it as far as you can
  File "/home/route/el15066/rattle/rattle/ssa.py", line 172, in resolve
    rv = new_slot.resolve()
  File "/home/route/el15066/rattle/rattle/ssa.py", line 172, in resolve
    rv = new_slot.resolve()
  File "/home/route/el15066/rattle/rattle/ssa.py", line 172, in resolve
    rv = new_slot.resolve()
  [Previous line repeated 31 more times]
  File "/home/route/el15066/rattle/rattle/ssa.py", line 199, in resolve
    new_slot, _ = new_slot.resolve()  # Resolve it as far as you can
  File "/home/route/el15066/rattle/rattle/ssa.py", line 199, in resolve
    new_slot, _ = new_slot.resolve()  # Resolve it as far as you can
  File "/home/route/el15066/rattle/rattle/ssa.py", line 199, in resolve
    new_slot, _ = new_slot.resolve()  # Resolve it as far as you can
  File "/home/route/el15066/rattle/rattle/ssa.py", line 172, in resolve
    rv = new_slot.resolve()
  File "/home/route/el15066/rattle/rattle/ssa.py", line 199, in resolve
    new_slot, _ = new_slot.resolve()  # Resolve it as far as you can
  File "/home/route/el15066/rattle/rattle/ssa.py", line 172, in resolve
    rv = new_slot.resolve()
  File "/home/route/el15066/rattle/rattle/ssa.py", line 172, in resolve
    rv = new_slot.resolve()
  File "/home/route/el15066/rattle/rattle/ssa.py", line 199, in resolve
    new_slot, _ = new_slot.resolve()  # Resolve it as far as you can
  File "/home/route/el15066/rattle/rattle/ssa.py", line 172, in resolve
    rv = new_slot.resolve()
  File "/home/route/el15066/rattle/rattle/ssa.py", line 172, in resolve
    rv = new_slot.resolve()
  File "/home/route/el15066/rattle/rattle/ssa.py", line 172, in resolve
    rv = new_slot.resolve()
  [Previous line repeated 1 more time]
  File "/home/route/el15066/rattle/rattle/ssa.py", line 199, in resolve
    new_slot, _ = new_slot.resolve()  # Resolve it as far as you can
  File "/home/route/el15066/rattle/rattle/ssa.py", line 199, in resolve
    new_slot, _ = new_slot.resolve()  # Resolve it as far as you can
  File "/home/route/el15066/rattle/rattle/ssa.py", line 172, in resolve
    rv = new_slot.resolve()
  File "/home/route/el15066/rattle/rattle/ssa.py", line 172, in resolve
    rv = new_slot.resolve()
  File "/home/route/el15066/rattle/rattle/ssa.py", line 172, in resolve
    rv = new_slot.resolve()
  [Previous line repeated 42 more times]
  File "/home/route/el15066/rattle/rattle/ssa.py", line 199, in resolve
    new_slot, _ = new_slot.resolve()  # Resolve it as far as you can
  File "/home/route/el15066/rattle/rattle/ssa.py", line 199, in resolve
    new_slot, _ = new_slot.resolve()  # Resolve it as far as you can
  File "/home/route/el15066/rattle/rattle/ssa.py", line 172, in resolve
    rv = new_slot.resolve()
  File "/home/route/el15066/rattle/rattle/ssa.py", line 172, in resolve
    rv = new_slot.resolve()
  File "/home/route/el15066/rattle/rattle/ssa.py", line 172, in resolve
    rv = new_slot.resolve()
  [Previous line repeated 31 more times]
  File "/home/route/el15066/rattle/rattle/ssa.py", line 199, in resolve
    new_slot, _ = new_slot.resolve()  # Resolve it as far as you can
  File "/home/route/el15066/rattle/rattle/ssa.py", line 199, in resolve
    new_slot, _ = new_slot.resolve()  # Resolve it as far as you can
  File "/home/route/el15066/rattle/rattle/ssa.py", line 172, in resolve
    rv = new_slot.resolve()
  File "/home/route/el15066/rattle/rattle/ssa.py", line 172, in resolve
    rv = new_slot.resolve()
  File "/home/route/el15066/rattle/rattle/ssa.py", line 172, in resolve
    rv = new_slot.resolve()
  [Previous line repeated 31 more times]
  File "/home/route/el15066/rattle/rattle/ssa.py", line 199, in resolve
    new_slot, _ = new_slot.resolve()  # Resolve it as far as you can
  File "/home/route/el15066/rattle/rattle/ssa.py", line 199, in resolve
    new_slot, _ = new_slot.resolve()  # Resolve it as far as you can
  File "/home/route/el15066/rattle/rattle/ssa.py", line 172, in resolve
    rv = new_slot.resolve()
  File "/home/route/el15066/rattle/rattle/ssa.py", line 172, in resolve
    rv = new_slot.resolve()
  File "/home/route/el15066/rattle/rattle/ssa.py", line 172, in resolve
    rv = new_slot.resolve()
  [Previous line repeated 31 more times]
  File "/home/route/el15066/rattle/rattle/ssa.py", line 199, in resolve
    new_slot, _ = new_slot.resolve()  # Resolve it as far as you can
  File "/home/route/el15066/rattle/rattle/ssa.py", line 199, in resolve
    new_slot, _ = new_slot.resolve()  # Resolve it as far as you can
  File "/home/route/el15066/rattle/rattle/ssa.py", line 199, in resolve
    new_slot, _ = new_slot.resolve()  # Resolve it as far as you can
  File "/home/route/el15066/rattle/rattle/ssa.py", line 172, in resolve
    rv = new_slot.resolve()
  File "/home/route/el15066/rattle/rattle/ssa.py", line 199, in resolve
    new_slot, _ = new_slot.resolve()  # Resolve it as far as you can
  File "/home/route/el15066/rattle/rattle/ssa.py", line 172, in resolve
    rv = new_slot.resolve()
  File "/home/route/el15066/rattle/rattle/ssa.py", line 172, in resolve
    rv = new_slot.resolve()
  File "/home/route/el15066/rattle/rattle/ssa.py", line 199, in resolve
    new_slot, _ = new_slot.resolve()  # Resolve it as far as you can
  File "/home/route/el15066/rattle/rattle/ssa.py", line 172, in resolve
    rv = new_slot.resolve()
  File "/home/route/el15066/rattle/rattle/ssa.py", line 172, in resolve
    rv = new_slot.resolve()
  File "/home/route/el15066/rattle/rattle/ssa.py", line 172, in resolve
    rv = new_slot.resolve()
  [Previous line repeated 1 more time]
  File "/home/route/el15066/rattle/rattle/ssa.py", line 199, in resolve
    new_slot, _ = new_slot.resolve()  # Resolve it as far as you can
  File "/home/route/el15066/rattle/rattle/ssa.py", line 199, in resolve
    new_slot, _ = new_slot.resolve()  # Resolve it as far as you can
  File "/home/route/el15066/rattle/rattle/ssa.py", line 172, in resolve
    rv = new_slot.resolve()
  File "/home/route/el15066/rattle/rattle/ssa.py", line 172, in resolve
    rv = new_slot.resolve()
  File "/home/route/el15066/rattle/rattle/ssa.py", line 172, in resolve
    rv = new_slot.resolve()
  [Previous line repeated 42 more times]
  File "/home/route/el15066/rattle/rattle/ssa.py", line 199, in resolve
    new_slot, _ = new_slot.resolve()  # Resolve it as far as you can
  File "/home/route/el15066/rattle/rattle/ssa.py", line 199, in resolve
    new_slot, _ = new_slot.resolve()  # Resolve it as far as you can
  File "/home/route/el15066/rattle/rattle/ssa.py", line 172, in resolve
    rv = new_slot.resolve()
  File "/home/route/el15066/rattle/rattle/ssa.py", line 172, in resolve
    rv = new_slot.resolve()
  File "/home/route/el15066/rattle/rattle/ssa.py", line 172, in resolve
    rv = new_slot.resolve()
  [Previous line repeated 31 more times]
  File "/home/route/el15066/rattle/rattle/ssa.py", line 199, in resolve
    new_slot, _ = new_slot.resolve()  # Resolve it as far as you can
  File "/home/route/el15066/rattle/rattle/ssa.py", line 199, in resolve
    new_slot, _ = new_slot.resolve()  # Resolve it as far as you can
  File "/home/route/el15066/rattle/rattle/ssa.py", line 172, in resolve
    rv = new_slot.resolve()
  File "/home/route/el15066/rattle/rattle/ssa.py", line 172, in resolve
    rv = new_slot.resolve()
  File "/home/route/el15066/rattle/rattle/ssa.py", line 172, in resolve
    rv = new_slot.resolve()
  [Previous line repeated 31 more times]
  File "/home/route/el15066/rattle/rattle/ssa.py", line 199, in resolve
    new_slot, _ = new_slot.resolve()  # Resolve it as far as you can
  File "/home/route/el15066/rattle/rattle/ssa.py", line 199, in resolve
    new_slot, _ = new_slot.resolve()  # Resolve it as far as you can
  File "/home/route/el15066/rattle/rattle/ssa.py", line 199, in resolve
    new_slot, _ = new_slot.resolve()  # Resolve it as far as you can
  File "/home/route/el15066/rattle/rattle/ssa.py", line 172, in resolve
    rv = new_slot.resolve()
  File "/home/route/el15066/rattle/rattle/ssa.py", line 199, in resolve
    new_slot, _ = new_slot.resolve()  # Resolve it as far as you can
  File "/home/route/el15066/rattle/rattle/ssa.py", line 172, in resolve
    rv = new_slot.resolve()
  File "/home/route/el15066/rattle/rattle/ssa.py", line 172, in resolve
    rv = new_slot.resolve()
  File "/home/route/el15066/rattle/rattle/ssa.py", line 199, in resolve
    new_slot, _ = new_slot.resolve()  # Resolve it as far as you can
  File "/home/route/el15066/rattle/rattle/ssa.py", line 172, in resolve
    rv = new_slot.resolve()
  File "/home/route/el15066/rattle/rattle/ssa.py", line 172, in resolve
    rv = new_slot.resolve()
  File "/home/route/el15066/rattle/rattle/ssa.py", line 172, in resolve
    rv = new_slot.resolve()
  [Previous line repeated 1 more time]
  File "/home/route/el15066/rattle/rattle/ssa.py", line 199, in resolve
    new_slot, _ = new_slot.resolve()  # Resolve it as far as you can
  File "/home/route/el15066/rattle/rattle/ssa.py", line 199, in resolve
    new_slot, _ = new_slot.resolve()  # Resolve it as far as you can
  File "/home/route/el15066/rattle/rattle/ssa.py", line 172, in resolve
    rv = new_slot.resolve()
  File "/home/route/el15066/rattle/rattle/ssa.py", line 172, in resolve
    rv = new_slot.resolve()
  File "/home/route/el15066/rattle/rattle/ssa.py", line 172, in resolve
    rv = new_slot.resolve()
  [Previous line repeated 42 more times]
  File "/home/route/el15066/rattle/rattle/ssa.py", line 199, in resolve
    new_slot, _ = new_slot.resolve()  # Resolve it as far as you can
  File "/home/route/el15066/rattle/rattle/ssa.py", line 199, in resolve
    new_slot, _ = new_slot.resolve()  # Resolve it as far as you can
  File "/home/route/el15066/rattle/rattle/ssa.py", line 172, in resolve
    rv = new_slot.resolve()
  File "/home/route/el15066/rattle/rattle/ssa.py", line 172, in resolve
    rv = new_slot.resolve()
  File "/home/route/el15066/rattle/rattle/ssa.py", line 172, in resolve
    rv = new_slot.resolve()
  [Previous line repeated 31 more times]
  File "/home/route/el15066/rattle/rattle/ssa.py", line 199, in resolve
    new_slot, _ = new_slot.resolve()  # Resolve it as far as you can
  File "/home/route/el15066/rattle/rattle/ssa.py", line 199, in resolve
    new_slot, _ = new_slot.resolve()  # Resolve it as far as you can
  File "/home/route/el15066/rattle/rattle/ssa.py", line 172, in resolve
    rv = new_slot.resolve()
  File "/home/route/el15066/rattle/rattle/ssa.py", line 172, in resolve
    rv = new_slot.resolve()
  File "/home/route/el15066/rattle/rattle/ssa.py", line 172, in resolve
    rv = new_slot.resolve()
  [Previous line repeated 31 more times]
  File "/home/route/el15066/rattle/rattle/ssa.py", line 199, in resolve
    new_slot, _ = new_slot.resolve()  # Resolve it as far as you can
  File "/home/route/el15066/rattle/rattle/ssa.py", line 199, in resolve
    new_slot, _ = new_slot.resolve()  # Resolve it as far as you can
  File "/home/route/el15066/rattle/rattle/ssa.py", line 172, in resolve
    rv = new_slot.resolve()
  File "/home/route/el15066/rattle/rattle/ssa.py", line 172, in resolve
    rv = new_slot.resolve()
  File "/home/route/el15066/rattle/rattle/ssa.py", line 172, in resolve
    rv = new_slot.resolve()
  [Previous line repeated 31 more times]
  File "/home/route/el15066/rattle/rattle/ssa.py", line 199, in resolve
    new_slot, _ = new_slot.resolve()  # Resolve it as far as you can
  File "/home/route/el15066/rattle/rattle/ssa.py", line 199, in resolve
    new_slot, _ = new_slot.resolve()  # Resolve it as far as you can
  File "/home/route/el15066/rattle/rattle/ssa.py", line 199, in resolve
    new_slot, _ = new_slot.resolve()  # Resolve it as far as you can
  File "/home/route/el15066/rattle/rattle/ssa.py", line 172, in resolve
    rv = new_slot.resolve()
  File "/home/route/el15066/rattle/rattle/ssa.py", line 199, in resolve
    new_slot, _ = new_slot.resolve()  # Resolve it as far as you can
  File "/home/route/el15066/rattle/rattle/ssa.py", line 172, in resolve
    rv = new_slot.resolve()
  File "/home/route/el15066/rattle/rattle/ssa.py", line 172, in resolve
    rv = new_slot.resolve()
  File "/home/route/el15066/rattle/rattle/ssa.py", line 199, in resolve
    new_slot, _ = new_slot.resolve()  # Resolve it as far as you can
  File "/home/route/el15066/rattle/rattle/ssa.py", line 199, in resolve
    new_slot, _ = new_slot.resolve()  # Resolve it as far as you can
  File "/home/route/el15066/rattle/rattle/ssa.py", line 172, in resolve
    rv = new_slot.resolve()
  File "/home/route/el15066/rattle/rattle/ssa.py", line 199, in resolve
    new_slot, _ = new_slot.resolve()  # Resolve it as far as you can
  File "/home/route/el15066/rattle/rattle/ssa.py", line 172, in resolve
    rv = new_slot.resolve()
  File "/home/route/el15066/rattle/rattle/ssa.py", line 172, in resolve
    rv = new_slot.resolve()
  File "/home/route/el15066/rattle/rattle/ssa.py", line 199, in resolve
    new_slot, _ = new_slot.resolve()  # Resolve it as far as you can
  File "/home/route/el15066/rattle/rattle/ssa.py", line 172, in resolve
    rv = new_slot.resolve()
  File "/home/route/el15066/rattle/rattle/ssa.py", line 172, in resolve
    rv = new_slot.resolve()
  File "/home/route/el15066/rattle/rattle/ssa.py", line 172, in resolve
    rv = new_slot.resolve()
  [Previous line repeated 2 more times]
  File "/home/route/el15066/rattle/rattle/ssa.py", line 199, in resolve
    new_slot, _ = new_slot.resolve()  # Resolve it as far as you can
  File "/home/route/el15066/rattle/rattle/ssa.py", line 172, in resolve
    rv = new_slot.resolve()
  File "/home/route/el15066/rattle/rattle/ssa.py", line 172, in resolve
    rv = new_slot.resolve()
  File "/home/route/el15066/rattle/rattle/ssa.py", line 199, in resolve
    new_slot, _ = new_slot.resolve()  # Resolve it as far as you can
  File "/home/route/el15066/rattle/rattle/ssa.py", line 172, in resolve
    rv = new_slot.resolve()
  File "/home/route/el15066/rattle/rattle/ssa.py", line 172, in resolve
    rv = new_slot.resolve()
  File "/home/route/el15066/rattle/rattle/ssa.py", line 172, in resolve
    rv = new_slot.resolve()
  File "/home/route/el15066/rattle/rattle/ssa.py", line 199, in resolve
    new_slot, _ = new_slot.resolve()  # Resolve it as far as you can
  File "/home/route/el15066/rattle/rattle/ssa.py", line 199, in resolve
    new_slot, _ = new_slot.resolve()  # Resolve it as far as you can
  File "/home/route/el15066/rattle/rattle/ssa.py", line 199, in resolve
    new_slot, _ = new_slot.resolve()  # Resolve it as far as you can
  [Previous line repeated 1 more time]
  File "/home/route/el15066/rattle/rattle/ssa.py", line 172, in resolve
    rv = new_slot.resolve()
  File "/home/route/el15066/rattle/rattle/ssa.py", line 172, in resolve
    rv = new_slot.resolve()
  File "/home/route/el15066/rattle/rattle/ssa.py", line 199, in resolve
    new_slot, _ = new_slot.resolve()  # Resolve it as far as you can
  File "/home/route/el15066/rattle/rattle/ssa.py", line 199, in resolve
    new_slot, _ = new_slot.resolve()  # Resolve it as far as you can
  File "/home/route/el15066/rattle/rattle/ssa.py", line 199, in resolve
    new_slot, _ = new_slot.resolve()  # Resolve it as far as you can
  [Previous line repeated 2 more times]
  File "/home/route/el15066/rattle/rattle/ssa.py", line 172, in resolve
    rv = new_slot.resolve()
  File "/home/route/el15066/rattle/rattle/ssa.py", line 172, in resolve
    rv = new_slot.resolve()
  File "/home/route/el15066/rattle/rattle/ssa.py", line 199, in resolve
    new_slot, _ = new_slot.resolve()  # Resolve it as far as you can
  File "/home/route/el15066/rattle/rattle/ssa.py", line 172, in resolve
    rv = new_slot.resolve()
  File "/home/route/el15066/rattle/rattle/ssa.py", line 199, in resolve
    new_slot, _ = new_slot.resolve()  # Resolve it as far as you can
  File "/home/route/el15066/rattle/rattle/ssa.py", line 172, in resolve
    rv = new_slot.resolve()
  File "/home/route/el15066/rattle/rattle/ssa.py", line 199, in resolve
    new_slot, _ = new_slot.resolve()  # Resolve it as far as you can
  File "/home/route/el15066/rattle/rattle/ssa.py", line 172, in resolve
    rv = new_slot.resolve()
  File "/home/route/el15066/rattle/rattle/ssa.py", line 199, in resolve
    new_slot, _ = new_slot.resolve()  # Resolve it as far as you can
  File "/home/route/el15066/rattle/rattle/ssa.py", line 172, in resolve
    rv = new_slot.resolve()
  File "/home/route/el15066/rattle/rattle/ssa.py", line 172, in resolve
    rv = new_slot.resolve()
  File "/home/route/el15066/rattle/rattle/ssa.py", line 199, in resolve
    new_slot, _ = new_slot.resolve()  # Resolve it as far as you can
  File "/home/route/el15066/rattle/rattle/ssa.py", line 172, in resolve
    rv = new_slot.resolve()
  File "/home/route/el15066/rattle/rattle/ssa.py", line 172, in resolve
    rv = new_slot.resolve()
  File "/home/route/el15066/rattle/rattle/ssa.py", line 172, in resolve
    rv = new_slot.resolve()
  [Previous line repeated 2 more times]
  File "/home/route/el15066/rattle/rattle/ssa.py", line 199, in resolve
    new_slot, _ = new_slot.resolve()  # Resolve it as far as you can
  File "/home/route/el15066/rattle/rattle/ssa.py", line 172, in resolve
    rv = new_slot.resolve()
  File "/home/route/el15066/rattle/rattle/ssa.py", line 199, in resolve
    new_slot, _ = new_slot.resolve()  # Resolve it as far as you can
  File "/home/route/el15066/rattle/rattle/ssa.py", line 172, in resolve
    rv = new_slot.resolve()
  File "/home/route/el15066/rattle/rattle/ssa.py", line 172, in resolve
    rv = new_slot.resolve()
  File "/home/route/el15066/rattle/rattle/ssa.py", line 199, in resolve
    new_slot, _ = new_slot.resolve()  # Resolve it as far as you can
  File "/home/route/el15066/rattle/rattle/ssa.py", line 199, in resolve
    new_slot, _ = new_slot.resolve()  # Resolve it as far as you can
  File "/home/route/el15066/rattle/rattle/ssa.py", line 199, in resolve
    new_slot, _ = new_slot.resolve()  # Resolve it as far as you can
  File "/home/route/el15066/rattle/rattle/ssa.py", line 172, in resolve
    rv = new_slot.resolve()
  File "/home/route/el15066/rattle/rattle/ssa.py", line 172, in resolve
    rv = new_slot.resolve()
  File "/home/route/el15066/rattle/rattle/ssa.py", line 199, in resolve
    new_slot, _ = new_slot.resolve()  # Resolve it as far as you can
  File "/home/route/el15066/rattle/rattle/ssa.py", line 172, in resolve
    rv = new_slot.resolve()
  File "/home/route/el15066/rattle/rattle/ssa.py", line 199, in resolve
    new_slot, _ = new_slot.resolve()  # Resolve it as far as you can
  File "/home/route/el15066/rattle/rattle/ssa.py", line 172, in resolve
    rv = new_slot.resolve()
  File "/home/route/el15066/rattle/rattle/ssa.py", line 199, in resolve
    new_slot, _ = new_slot.resolve()  # Resolve it as far as you can
  File "/home/route/el15066/rattle/rattle/ssa.py", line 172, in resolve
    rv = new_slot.resolve()
  File "/home/route/el15066/rattle/rattle/ssa.py", line 199, in resolve
    new_slot, _ = new_slot.resolve()  # Resolve it as far as you can
  File "/home/route/el15066/rattle/rattle/ssa.py", line 172, in resolve
    rv = new_slot.resolve()
  File "/home/route/el15066/rattle/rattle/ssa.py", line 172, in resolve
    rv = new_slot.resolve()
  File "/home/route/el15066/rattle/rattle/ssa.py", line 199, in resolve
    new_slot, _ = new_slot.resolve()  # Resolve it as far as you can
  File "/home/route/el15066/rattle/rattle/ssa.py", line 172, in resolve
    rv = new_slot.resolve()
  File "/home/route/el15066/rattle/rattle/ssa.py", line 172, in resolve
    rv = new_slot.resolve()
  File "/home/route/el15066/rattle/rattle/ssa.py", line 172, in resolve
    rv = new_slot.resolve()
  [Previous line repeated 2 more times]
  File "/home/route/el15066/rattle/rattle/ssa.py", line 199, in resolve
    new_slot, _ = new_slot.resolve()  # Resolve it as far as you can
  File "/home/route/el15066/rattle/rattle/ssa.py", line 172, in resolve
    rv = new_slot.resolve()
  File "/home/route/el15066/rattle/rattle/ssa.py", line 199, in resolve
    new_slot, _ = new_slot.resolve()  # Resolve it as far as you can
  File "/home/route/el15066/rattle/rattle/ssa.py", line 172, in resolve
    rv = new_slot.resolve()
  File "/home/route/el15066/rattle/rattle/ssa.py", line 172, in resolve
    rv = new_slot.resolve()
  File "/home/route/el15066/rattle/rattle/ssa.py", line 199, in resolve
    new_slot, _ = new_slot.resolve()  # Resolve it as far as you can
  File "/home/route/el15066/rattle/rattle/ssa.py", line 199, in resolve
    new_slot, _ = new_slot.resolve()  # Resolve it as far as you can
  File "/home/route/el15066/rattle/rattle/ssa.py", line 199, in resolve
    new_slot, _ = new_slot.resolve()  # Resolve it as far as you can
  [Previous line repeated 1 more time]
  File "/home/route/el15066/rattle/rattle/ssa.py", line 172, in resolve
    rv = new_slot.resolve()
  File "/home/route/el15066/rattle/rattle/ssa.py", line 172, in resolve
    rv = new_slot.resolve()
  File "/home/route/el15066/rattle/rattle/ssa.py", line 199, in resolve
    new_slot, _ = new_slot.resolve()  # Resolve it as far as you can
  File "/home/route/el15066/rattle/rattle/ssa.py", line 172, in resolve
    rv = new_slot.resolve()
  File "/home/route/el15066/rattle/rattle/ssa.py", line 199, in resolve
    new_slot, _ = new_slot.resolve()  # Resolve it as far as you can
  File "/home/route/el15066/rattle/rattle/ssa.py", line 172, in resolve
    rv = new_slot.resolve()
  File "/home/route/el15066/rattle/rattle/ssa.py", line 199, in resolve
    new_slot, _ = new_slot.resolve()  # Resolve it as far as you can
  File "/home/route/el15066/rattle/rattle/ssa.py", line 172, in resolve
    rv = new_slot.resolve()
  File "/home/route/el15066/rattle/rattle/ssa.py", line 199, in resolve
    new_slot, _ = new_slot.resolve()  # Resolve it as far as you can
  File "/home/route/el15066/rattle/rattle/ssa.py", line 172, in resolve
    rv = new_slot.resolve()
  File "/home/route/el15066/rattle/rattle/ssa.py", line 172, in resolve
    rv = new_slot.resolve()
  File "/home/route/el15066/rattle/rattle/ssa.py", line 199, in resolve
    new_slot, _ = new_slot.resolve()  # Resolve it as far as you can
  File "/home/route/el15066/rattle/rattle/ssa.py", line 172, in resolve
    rv = new_slot.resolve()
  File "/home/route/el15066/rattle/rattle/ssa.py", line 199, in resolve
    new_slot, _ = new_slot.resolve()  # Resolve it as far as you can
  File "/home/route/el15066/rattle/rattle/ssa.py", line 172, in resolve
    rv = new_slot.resolve()
  File "/home/route/el15066/rattle/rattle/ssa.py", line 199, in resolve
    new_slot, _ = new_slot.resolve()  # Resolve it as far as you can
  File "/home/route/el15066/rattle/rattle/ssa.py", line 172, in resolve
    rv = new_slot.resolve()
  File "/home/route/el15066/rattle/rattle/ssa.py", line 172, in resolve
    rv = new_slot.resolve()
  File "/home/route/el15066/rattle/rattle/ssa.py", line 199, in resolve
    new_slot, _ = new_slot.resolve()  # Resolve it as far as you can
  File "/home/route/el15066/rattle/rattle/ssa.py", line 199, in resolve
    new_slot, _ = new_slot.resolve()  # Resolve it as far as you can
  File "/home/route/el15066/rattle/rattle/ssa.py", line 172, in resolve
    rv = new_slot.resolve()
  File "/home/route/el15066/rattle/rattle/ssa.py", line 172, in resolve
    rv = new_slot.resolve()
  File "/home/route/el15066/rattle/rattle/ssa.py", line 172, in resolve
    rv = new_slot.resolve()
  [Previous line repeated 20 more times]
  File "/home/route/el15066/rattle/rattle/ssa.py", line 152, in resolve
    if len(self.block.in_edges) == 0:
RecursionError: maximum recursion depth exceeded while calling a Python object
