[INFO] [10-14|21:13:04.319] Build info                               git_branch=from_2021_08_05 git_tag=v2021.08.05-13-g55e823f38 git_commit=55e823f38e7dc135f2ed876fe0073e425097c30f
[INFO] [10-14|21:13:04.319] Starting Erigon on Ethereum mainnet... 
[INFO] [10-14|21:13:04.322] Maximum peer count                       ETH=100 total=100
[INFO] [10-14|21:13:04.322] Set global gas cap                       cap=50000000
[INFO] [10-14|21:13:04.362] Opening Database                         label=chaindata path=/media/route/sx8200/erigon/data/chaindata
[INFO] [10-14|21:13:04.365] database closed                          label=chaindata
[INFO] [10-14|21:13:04.365] Opening Database                         label=chaindata path=/media/route/sx8200/erigon/data/chaindata
[INFO] [10-14|21:13:04.368] Initialised chain configuration          config="{ChainID: 1 Homestead: 1150000 DAO: 1920000 DAOSupport: true EIP150: 2463000 EIP155: 2675000 EIP158: 2675000 Byzantium: 4370000 Constantinople: 7280000 Petersburg: 7280000 Istanbul: 9069000, Muir Glacier: 9200000, Berlin: 12244000, London: 12965000, Engine: ethash}"
[INFO] [10-14|21:13:04.368] Disk storage enabled for ethash DAGs     dir=/media/route/sx8200/erigon/ethash count=2
[INFO] [10-14|21:13:04.368] Initialising Ethereum protocol           network=1
[INFO] [10-14|21:13:04.368] Effective                                prune="--prune="
[INFO] [10-14|21:13:04.368] Starting private RPC server              on=127.0.0.1:9090
[INFO] [10-14|21:13:05.902] Stage Headers                   (Download headers) 
[INFO] [10-14|21:13:05.903] Stage Headers                   Done 
[INFO] [10-14|21:13:05.903] Stage BlockHashes               (Write block hashes) 
[INFO] [10-14|21:13:05.903] Stage BlockHashes               Done 
[INFO] [10-14|21:13:05.903] Stage CreateHeadersSnapshot     disabled. Enable by --snapshot.layout 
[INFO] [10-14|21:13:05.903] Stage Bodies                    (Download block bodies) 
[INFO] [10-14|21:13:05.903] Stage Bodies                    Done 
[INFO] [10-14|21:13:05.903] Stage CreateBodiesSnapshot      disabled. Enable by --snapshot.layout 
[INFO] [10-14|21:13:05.903] Stage Senders                   (Recover senders from tx signatures) 
[INFO] [10-14|21:13:05.903] Stage Senders                   Done 
[INFO] [10-14|21:13:05.903] Stage Execution                 (Execute blocks w/o hash checks) 
[INFO] [10-14|21:13:05.903] [7/18 Execution] Blocks execution        from=7499999 to=7509999
[INFO] [10-14|21:13:05.947] Started P2P networking                   version=65 self=enode://cf90152aad373d1608af933850566e82f8ad78089ffe361b9f94664a081ba07596b6dbf4b38dfdde9f4a7470414f76c803b66ad56e4920db7bb09fa445d3c458@127.0.0.1:30304 name=erigon/v2021.08.5-alpha-55e823f3/linux-amd64/go1.16.3
[INFO] [10-14|21:13:05.947] Started P2P networking                   version=66 self=enode://cf90152aad373d1608af933850566e82f8ad78089ffe361b9f94664a081ba07596b6dbf4b38dfdde9f4a7470414f76c803b66ad56e4920db7bb09fa445d3c458@127.0.0.1:30303 name=erigon/v2021.08.5-alpha-55e823f3/linux-amd64/go1.16.3
WARN: READS NOT RECORDED open logz/reads.txt: file exists
[INFO] [10-14|21:13:08.871] Mapped network port                      proto=tcp extport=30304 intport=30304 interface="UPNP IGDv1-IP1"
[INFO] [10-14|21:13:09.721] Mapped network port                      proto=tcp extport=30303 intport=30303 interface="UPNP IGDv1-IP1"
[INFO] [10-14|21:13:09.953] Mapped network port                      proto=udp extport=30303 intport=30303 interface="UPNP IGDv1-IP1"
[INFO] [10-14|21:13:10.186] Mapped network port                      proto=udp extport=30304 intport=30304 interface="UPNP IGDv1-IP1"
[INFO] [10-14|21:13:35.905] [7/18 Execution] Executed blocks         number=7501928 blk/s=64.295 tx/s=7922.804 Mgas/s=435.541 batch="22.46 MiB" alloc="225.88 MiB" sys="343.53 MiB"
[INFO] [10-14|21:14:05.919] [7/18 Execution] Executed blocks         number=7504125 blk/s=73.199 tx/s=6863.048 Mgas/s=481.248 batch="46.32 MiB" alloc="289.83 MiB" sys="478.57 MiB"
[INFO] [10-14|21:14:35.923] [7/18 Execution] Executed blocks         number=7506146 blk/s=67.359 tx/s=6211.871 Mgas/s=409.817 batch="62.35 MiB" alloc="348.83 MiB" sys="546.95 MiB"
[INFO] [10-14|21:15:04.370] [p2p] GoodPeers                          eth66=6 eth65=6
[INFO] [10-14|21:15:05.904] [7/18 Execution] Executed blocks         number=7508191 blk/s=68.210 tx/s=7765.561 Mgas/s=447.617 batch="78.08 MiB" alloc="529.52 MiB" sys="615.56 MiB"
[WARN] [10-14|21:15:31.920] Read from storage prefetch file          error=EOF
  1-  0         409722          10000     4097224
  2-  1            271          10000        2714
  3-  2            213          10000        2134
  4-  3       14208687          10000   142086876
  5-  4            130          10000        1306
 11- 10             86       38654000     3345067
 13- 12           5986        1824923    10924194
 15- 14            634        1701345     1079680
 21- 20             62        2258116      142036
 23- 22           2802         613418     1719329
 31- 30             77       18058060     1400035
 33- 32             91       14554890     1335585
 35- 34           2513        4345470    10922224
 37- 36            100        4345470      438168
 38- 37            347        4345470     1508817
[INFO] [10-14|21:15:32.097] Got interrupt, shutting down... 
[INFO] [10-14|21:15:52.055] Successfully update p2p node database    path=/media/route/sx8200/erigon/data/nodes/eth66 updated=0 deleted=225
[INFO] [10-14|21:15:52.056] database closed                          label=sentry
[INFO] [10-14|21:15:52.059] Successfully update p2p node database    path=/media/route/sx8200/erigon/data/nodes/eth65 updated=0 deleted=257
[INFO] [10-14|21:15:52.060] database closed                          label=sentry
[INFO] [10-14|21:15:52.443] database closed                          label=chaindata
