[INFO] [10-14|21:16:17.832] Build info                               git_branch=from_2021_08_05 git_tag=v2021.08.05-13-g55e823f38 git_commit=55e823f38e7dc135f2ed876fe0073e425097c30f
[INFO] [10-14|21:16:17.832] Starting Erigon on Ethereum mainnet... 
[INFO] [10-14|21:16:17.835] Maximum peer count                       ETH=100 total=100
[INFO] [10-14|21:16:17.835] Set global gas cap                       cap=50000000
[INFO] [10-14|21:16:17.874] Opening Database                         label=chaindata path=/media/route/sx8200/erigon/data/chaindata
[INFO] [10-14|21:16:17.878] database closed                          label=chaindata
[INFO] [10-14|21:16:17.878] Opening Database                         label=chaindata path=/media/route/sx8200/erigon/data/chaindata
[INFO] [10-14|21:16:17.881] Initialised chain configuration          config="{ChainID: 1 Homestead: 1150000 DAO: 1920000 DAOSupport: true EIP150: 2463000 EIP155: 2675000 EIP158: 2675000 Byzantium: 4370000 Constantinople: 7280000 Petersburg: 7280000 Istanbul: 9069000, Muir Glacier: 9200000, Berlin: 12244000, London: 12965000, Engine: ethash}"
[INFO] [10-14|21:16:17.881] Disk storage enabled for ethash DAGs     dir=/media/route/sx8200/erigon/ethash count=2
[INFO] [10-14|21:16:17.881] Initialising Ethereum protocol           network=1
[INFO] [10-14|21:16:17.881] Effective                                prune="--prune="
[INFO] [10-14|21:16:17.881] Starting private RPC server              on=127.0.0.1:9090
[INFO] [10-14|21:16:19.465] Stage Headers                   (Download headers) 
[INFO] [10-14|21:16:19.466] Stage Headers                   Done 
[INFO] [10-14|21:16:19.466] Stage BlockHashes               (Write block hashes) 
[INFO] [10-14|21:16:19.466] Stage BlockHashes               Done 
[INFO] [10-14|21:16:19.466] Stage CreateHeadersSnapshot     disabled. Enable by --snapshot.layout 
[INFO] [10-14|21:16:19.466] Stage Bodies                    (Download block bodies) 
[INFO] [10-14|21:16:19.466] Stage Bodies                    Done 
[INFO] [10-14|21:16:19.466] Stage CreateBodiesSnapshot      disabled. Enable by --snapshot.layout 
[INFO] [10-14|21:16:19.466] Stage Senders                   (Recover senders from tx signatures) 
[INFO] [10-14|21:16:19.466] Stage Senders                   Done 
[INFO] [10-14|21:16:19.466] Stage Execution                 (Execute blocks w/o hash checks) 
[INFO] [10-14|21:16:19.466] [7/18 Execution] Blocks execution        from=7499999 to=7509999
[INFO] [10-14|21:16:19.510] Started P2P networking                   version=65 self=enode://cf90152aad373d1608af933850566e82f8ad78089ffe361b9f94664a081ba07596b6dbf4b38dfdde9f4a7470414f76c803b66ad56e4920db7bb09fa445d3c458@127.0.0.1:30304 name=erigon/v2021.08.5-alpha-55e823f3/linux-amd64/go1.16.3
[INFO] [10-14|21:16:19.511] Started P2P networking                   version=66 self=enode://cf90152aad373d1608af933850566e82f8ad78089ffe361b9f94664a081ba07596b6dbf4b38dfdde9f4a7470414f76c803b66ad56e4920db7bb09fa445d3c458@127.0.0.1:30303 name=erigon/v2021.08.5-alpha-55e823f3/linux-amd64/go1.16.3
WARN: READS NOT RECORDED open logz/reads.txt: file exists
[INFO] [10-14|21:16:22.434] Mapped network port                      proto=tcp extport=30304 intport=30304 interface="UPNP IGDv1-IP1"
[INFO] [10-14|21:16:23.287] Mapped network port                      proto=udp extport=30303 intport=30303 interface="UPNP IGDv1-IP1"
[INFO] [10-14|21:16:23.550] Mapped network port                      proto=tcp extport=30303 intport=30303 interface="UPNP IGDv1-IP1"
[INFO] [10-14|21:16:23.782] Mapped network port                      proto=udp extport=30304 intport=30304 interface="UPNP IGDv1-IP1"
[INFO] [10-14|21:16:49.486] [7/18 Execution] Executed blocks         number=7501990 blk/s=66.322 tx/s=8162.708 Mgas/s=449.519 batch="23.09 MiB" alloc="183.60 MiB" sys="343.84 MiB"
[INFO] [10-14|21:17:19.476] [7/18 Execution] Executed blocks         number=7504197 blk/s=73.592 tx/s=6831.130 Mgas/s=483.669 batch="47.10 MiB" alloc="241.36 MiB" sys="478.32 MiB"
[INFO] [10-14|21:17:49.473] [7/18 Execution] Executed blocks         number=7506256 blk/s=68.639 tx/s=6400.450 Mgas/s=417.371 batch="63.17 MiB" alloc="249.17 MiB" sys="547.57 MiB"
[INFO] [10-14|21:18:17.882] [p2p] GoodPeers                          eth66=2 eth65=0
[INFO] [10-14|21:18:19.476] [7/18 Execution] Executed blocks         number=7508324 blk/s=68.927 tx/s=7797.129 Mgas/s=453.716 batch="79.04 MiB" alloc="410.53 MiB" sys="615.56 MiB"
[WARN] [10-14|21:18:42.982] Read from storage prefetch file          error=EOF
  1-  0         272469          10000     2724695
  2-  1            276          10000        2765
  3-  2            202          10000        2028
  4-  3       14101463          10000   141014639
  5-  4            123          10000        1231
 11- 10             85       38654000     3308608
 13- 12           5916        1824923    10797863
 15- 14            629        1701345     1071514
 21- 20             67        2258116      153338
 23- 22           2753         613418     1688968
 31- 30             77       18058060     1395415
 33- 32             88       14554890     1287911
 35- 34           2508        4345470    10901569
 37- 36            100        4345470      434939
 38- 37            337        4345470     1467414
[INFO] [10-14|21:18:43.218] Got interrupt, shutting down... 
[INFO] [10-14|21:18:43.299] Successfully update p2p node database    path=/media/route/sx8200/erigon/data/nodes/eth66 updated=0 deleted=214
[INFO] [10-14|21:18:43.300] database closed                          label=sentry
[INFO] [10-14|21:18:43.980] Successfully update p2p node database    path=/media/route/sx8200/erigon/data/nodes/eth65 updated=0 deleted=212
[INFO] [10-14|21:18:43.981] database closed                          label=sentry
[INFO] [10-14|21:18:44.146] database closed                          label=chaindata
