[INFO] [10-14|21:10:02.143] Build info                               git_branch=from_2021_08_05 git_tag=v2021.08.05-13-g55e823f38 git_commit=55e823f38e7dc135f2ed876fe0073e425097c30f
[INFO] [10-14|21:10:02.144] Starting Erigon on Ethereum mainnet... 
[INFO] [10-14|21:10:02.149] Maximum peer count                       ETH=100 total=100
[INFO] [10-14|21:10:02.149] Set global gas cap                       cap=50000000
[INFO] [10-14|21:10:02.206] Opening Database                         label=chaindata path=/media/route/sx8200/erigon/data/chaindata
[INFO] [10-14|21:10:02.209] database closed                          label=chaindata
[INFO] [10-14|21:10:02.209] Opening Database                         label=chaindata path=/media/route/sx8200/erigon/data/chaindata
[INFO] [10-14|21:10:02.212] Initialised chain configuration          config="{ChainID: 1 Homestead: 1150000 DAO: 1920000 DAOSupport: true EIP150: 2463000 EIP155: 2675000 EIP158: 2675000 Byzantium: 4370000 Constantinople: 7280000 Petersburg: 7280000 Istanbul: 9069000, Muir Glacier: 9200000, Berlin: 12244000, London: 12965000, Engine: ethash}"
[INFO] [10-14|21:10:02.212] Disk storage enabled for ethash DAGs     dir=/media/route/sx8200/erigon/ethash count=2
[INFO] [10-14|21:10:02.212] Initialising Ethereum protocol           network=1
[INFO] [10-14|21:10:02.213] Effective                                prune="--prune="
[INFO] [10-14|21:10:02.213] Starting private RPC server              on=127.0.0.1:9090
[INFO] [10-14|21:10:03.838] Stage Headers                   (Download headers) 
[INFO] [10-14|21:10:03.838] Stage Headers                   Done 
[INFO] [10-14|21:10:03.838] Stage BlockHashes               (Write block hashes) 
[INFO] [10-14|21:10:03.838] Stage BlockHashes               Done 
[INFO] [10-14|21:10:03.838] Stage CreateHeadersSnapshot     disabled. Enable by --snapshot.layout 
[INFO] [10-14|21:10:03.838] Stage Bodies                    (Download block bodies) 
[INFO] [10-14|21:10:03.838] Stage Bodies                    Done 
[INFO] [10-14|21:10:03.838] Stage CreateBodiesSnapshot      disabled. Enable by --snapshot.layout 
[INFO] [10-14|21:10:03.838] Stage Senders                   (Recover senders from tx signatures) 
[INFO] [10-14|21:10:03.838] Stage Senders                   Done 
[INFO] [10-14|21:10:03.838] Stage Execution                 (Execute blocks w/o hash checks) 
[INFO] [10-14|21:10:03.838] [7/18 Execution] Blocks execution        from=7499999 to=7509999
[INFO] [10-14|21:10:03.880] Started P2P networking                   version=65 self=enode://cf90152aad373d1608af933850566e82f8ad78089ffe361b9f94664a081ba07596b6dbf4b38dfdde9f4a7470414f76c803b66ad56e4920db7bb09fa445d3c458@127.0.0.1:30304 name=erigon/v2021.08.5-alpha-55e823f3/linux-amd64/go1.16.3
[INFO] [10-14|21:10:03.883] Started P2P networking                   version=66 self=enode://cf90152aad373d1608af933850566e82f8ad78089ffe361b9f94664a081ba07596b6dbf4b38dfdde9f4a7470414f76c803b66ad56e4920db7bb09fa445d3c458@127.0.0.1:30303 name=erigon/v2021.08.5-alpha-55e823f3/linux-amd64/go1.16.3
WARN: READS NOT RECORDED open logz/reads.txt: file exists
[INFO] [10-14|21:10:06.803] Mapped network port                      proto=tcp extport=30304 intport=30304 interface="UPNP IGDv1-IP1"
[INFO] [10-14|21:10:07.655] Mapped network port                      proto=tcp extport=30303 intport=30303 interface="UPNP IGDv1-IP1"
[INFO] [10-14|21:10:07.887] Mapped network port                      proto=udp extport=30304 intport=30304 interface="UPNP IGDv1-IP1"
[INFO] [10-14|21:10:08.119] Mapped network port                      proto=udp extport=30303 intport=30303 interface="UPNP IGDv1-IP1"
[INFO] [10-14|21:10:33.844] [7/18 Execution] Executed blocks         number=7501711 blk/s=57.055 tx/s=7129.814 Mgas/s=384.914 batch="20.02 MiB" alloc="216.60 MiB" sys="343.41 MiB"
[INFO] [10-14|21:11:03.841] [7/18 Execution] Executed blocks         number=7503786 blk/s=69.175 tx/s=6739.905 Mgas/s=462.779 batch="42.78 MiB" alloc="308.74 MiB" sys="411.60 MiB"
[INFO] [10-14|21:11:33.851] [7/18 Execution] Executed blocks         number=7505737 blk/s=65.011 tx/s=5783.714 Mgas/s=394.354 batch="59.30 MiB" alloc="409.69 MiB" sys="546.39 MiB"
[INFO] [10-14|21:12:02.213] [p2p] GoodPeers                          eth66=3 eth65=5
[INFO] [10-14|21:12:03.867] [7/18 Execution] Executed blocks         number=7507721 blk/s=66.097 tx/s=7175.127 Mgas/s=422.446 batch="74.08 MiB" alloc="524.55 MiB" sys="614.58 MiB"
[INFO] [10-14|21:12:33.850] [7/18 Execution] Executed blocks         number=7509693 blk/s=65.772 tx/s=6772.044 Mgas/s=412.006 batch="88.85 MiB" alloc="478.38 MiB" sys="683.07 MiB"
[WARN] [10-14|21:12:38.023] Read from storage prefetch file          error=EOF
  1-  0        1284564          10000    12845643
  2-  1            242          10000        2420
  3-  2            227          10000        2278
  4-  3       14150574          10000   141505747
  5-  4            129          10000        1298
 11- 10             85       38654000     3321635
 13- 12           5985        1824923    10922720
 15- 14            623        1701345     1061483
 21- 20             62        2258116      142058
 23- 22           2793         613418     1713743
 31- 30             76       18058060     1378697
 33- 32             89       14554890     1296904
 35- 34           2519        4345470    10948753
 37- 36            100        4345470      438217
 38- 37            345        4345470     1503236
[INFO] [10-14|21:12:38.200] Got interrupt, shutting down... 
[INFO] [10-14|21:12:38.249] Successfully update p2p node database    path=/media/route/sx8200/erigon/data/nodes/eth66 updated=0 deleted=239
[INFO] [10-14|21:12:38.250] database closed                          label=sentry
[INFO] [10-14|21:12:38.587] Successfully update p2p node database    path=/media/route/sx8200/erigon/data/nodes/eth65 updated=0 deleted=238
[INFO] [10-14|21:12:38.588] database closed                          label=sentry
[INFO] [10-14|21:12:39.087] database closed                          label=chaindata
